<?xml version="1.0" encoding="UTF-8"?>
<testng-results ignored="0" total="1" passed="1" failed="0" skipped="0">
  <reporter-output>
  </reporter-output>
  <suite started-at="2020-08-08T12:22:59Z" name="Default suite" finished-at="2020-08-08T12:23:22Z" duration-ms="23181">
    <groups>
    </groups>
    <test started-at="2020-08-08T12:22:59Z" name="Default test" finished-at="2020-08-08T12:23:22Z" duration-ms="23181">
      <class name="com.app.testcases.LoginPageTest">
        <test-method is-config="true" signature="setUp()[pri:0, instance:com.app.testcases.LoginPageTest@1e6a3214]" started-at="2020-08-08T12:22:59Z" name="setUp" finished-at="2020-08-08T12:23:09Z" duration-ms="9778" status="PASS">
          <reporter-output>
          </reporter-output>
        </test-method> <!-- setUp -->
        <test-method is-config="true" signature="loginPageSetUp()[pri:0, instance:com.app.testcases.LoginPageTest@1e6a3214]" started-at="2020-08-08T12:23:09Z" name="loginPageSetUp" finished-at="2020-08-08T12:23:09Z" duration-ms="31" status="PASS">
          <reporter-output>
          </reporter-output>
        </test-method> <!-- loginPageSetUp -->
        <test-method signature="verifyLoginPageTitleTest()[pri:0, instance:com.app.testcases.LoginPageTest@1e6a3214]" started-at="2020-08-08T12:23:09Z" name="verifyLoginPageTitleTest" finished-at="2020-08-08T12:23:21Z" duration-ms="12635" status="PASS">
          <reporter-output>
          </reporter-output>
        </test-method> <!-- verifyLoginPageTitleTest -->
        <test-method is-config="true" signature="tearDown()[pri:0, instance:com.app.testcases.LoginPageTest@1e6a3214]" started-at="2020-08-08T12:23:21Z" name="tearDown" finished-at="2020-08-08T12:23:22Z" duration-ms="709" status="PASS">
          <reporter-output>
          </reporter-output>
        </test-method> <!-- tearDown -->
      </class> <!-- com.app.testcases.LoginPageTest -->
    </test> <!-- Default test -->
  </suite> <!-- Default suite -->
</testng-results>
